              ┌cell0064  [C|-] [[3 0 1]] [DEL]
        ┌ [DEL]┤
        │      └cell0036  [C|-] [[2 0 1]] [DEL]
 ┌ [DEL]┤
 │      │             ┌cell0003  [C|-] [[5 0 1]] [DEL]
 │      │      ┌ [DEL]┤
 │      │      │      │      ┌cell0008  [C|-] [[8 0 1]] [DEL]
 │      │      │      └ [DEL]┤
 │      │      │             │      ┌cell0056  [C|-] [[1 0 1]] [DEL]
 │      │      │             └ [DEL]┤
 │      │      │                    └cell0037  [C|-] [[4 0 1]] [DEL]
 │      └ [DEL]┤
 │             │             ┌cell0099  [C|-] [[1 0 1]] [DEL]
 │             │      ┌ [DEL]┤
 │             │      │      │      ┌cell0018  [C|-] [[5 0 1]] [DEL]
 │             │      │      └ [DEL]┤
 │             │      │             │      ┌cell0049  [C|-] [[7 0 1]] [DEL]
 │             │      │             └ [DEL]┤
 │             │      │                    └cell0048  [C|-] [[7 0 1]] [DEL]
 │             └ [DEL]┤
 │                    │             ┌cell0082  [C|-] [[4 0 1]] [DEL]
 │                    │      ┌ [DEL]┤
 │                    │      │      │      ┌cell0094  [C|-] [[2 0 1]] [DEL]
 │                    │      │      └ [DEL]┤
 │                    │      │             └cell0086  [C|-] [[6 0 1]] [DEL]
 │                    └ [DEL]┤
 │                           │                    ┌cell0097  [C|-] [[3 0 1]] [DEL]
 │                           │             ┌ [DEL]┤
 │                           │             │      │      ┌cell0050  [C|-] [[5 0 1]] [DEL]
 │                           │             │      └ [DEL]┤
 │                           │             │             └cell0079  [C|-] [[8 0 1]] [DEL]
 │                           │      ┌ [DEL]┤
 │                           │      │      │      ┌cell0069  [C|-] [[5 0 1]] [DEL]
 │                           │      │      └ [DEL]┤
 │                           │      │             │      ┌cell0033  [C|-] [[5 0 1]] [DEL]
 │                           │      │             └ [DEL]┤
 │                           │      │                    └cell0053  [C|-] [[5 0 1]] [DEL]
 │                           └ [DEL]┤
 │                                  │             ┌cell0022  [C|-] [[3 0 1]] [DEL]
 │                                  │      ┌ [DEL]┤
 │                                  │      │      │      ┌cell0063  [C|-] [[5 0 1]] [DEL]
 │                                  │      │      └ [DEL]┤
 │                                  │      │             └cell0041  [C|-] [[3 0 1]] [DEL]
 │                                  └ [DEL]┤
 │                                         │      ┌cell0061  [C|-] [[4 0 1]] [DEL]
 │                                         └ [DEL]┤
 │                                                │      ┌cell0083  [C|-] [[4 0 1]] [DEL]
 │                                                └ [DEL]┤
 │                                                       │      ┌cell0014  [C|-] [[4 0 1]] [DEL]
 │                                                       └ [DEL]┤
 │                                                              └cell0078  [C|-] [[5 0 1]] [DEL]
 ┤
 │   ┌cell0044  [A|C] [[3 6 2]]
 │  ┌┤
 │  │└cell0004  [A|C] [[2 2 2]]
 │ ┌┤
 │ ││┌cell0098  [A|C] [[3 4 2]]
 │ │└┤
 │ │ │┌cell0043  [A|C] [[4 1 2]]
 │ │ └┤
 │ │  └cell0093  [A|C] [[3 4 2]]
 │┌┤
 │││ ┌cell0073  [A|C] [[8 6 2]]
 │││┌┤
 ││││└cell0047  [A|C] [[5 4 2]]
 ││└┤
 ││ │┌cell0026  [A|C] [[8 8 2]]
 ││ └┤
 ││  │ ┌cell0005  [A|C] [[3 2 2]]
 ││  │┌┤
 ││  ││└cell0087  [A|C] [[7 4 2]]
 ││  └┤
 ││   │┌cell0028  [A|C] [[4 1 2]]
 ││   └┤
 ││    └cell0039  [A|C] [[3 1 2]]
 └┤
  │   ┌cell0027  [C|C] [[10 0 2]]
  │  ┌┤
  │  │└cell0052  [C|C] [[10 0 2]]
  │ ┌┤
  │ ││┌cell0091  [C|C] [[6 0 2]]
  │ │└┤
  │ │ │┌cell0068  [C|C] [[10 0 2]]
  │ │ └┤
  │ │  └cell0010  [C|C] [[8 0 2]]
  │┌┤
  │││┌cell0100  [C|C] [[10 0 2]]
  ││└┤
  ││ │ ┌cell0017  [C|C] [[8 0 2]]
  ││ │┌┤
  ││ │││ ┌cell0006  [C|C] [[10 0 2]]
  ││ │││┌┤
  ││ ││││└cell0012  [C|C] [[12 0 2]]
  ││ ││└┤
  ││ ││ │┌cell0001  [C|C] [[13 0 2]]
  ││ ││ └┤
  ││ ││  └cell0058  [C|C] [[14 0 2]]
  ││ └┤
  ││  │ ┌cell0089  [C|C] [[15 0 2]]
  ││  │┌┤
  ││  ││└cell0023  [C|C] [[12 0 2]]
  ││  └┤
  ││   │ ┌cell0045  [C|C] [[1 0 2]]
  ││   │┌┤
  ││   │││┌cell0042  [C|C] [[13 0 2]]
  ││   ││└┤
  ││   ││ │┌cell0019  [C|C] [[8 0 2]]
  ││   ││ └┤
  ││   ││  └cell0016  [C|C] [[15 0 2]]
  ││   └┤
  ││    │ ┌cell0077  [C|C] [[9 0 2]]
  ││    │┌┤
  ││    │││┌cell0074  [C|C] [[8 0 2]]
  ││    ││└┤
  ││    ││ └cell0085  [C|C] [[12 0 2]]
  ││    └┤
  ││     │┌cell0035  [C|C] [[6 0 2]]
  ││     └┤
  ││      │┌cell0051  [C|C] [[10 0 2]]
  ││      └┤
  ││       │┌cell0020  [C|C] [[10 0 2]]
  ││       └┤
  ││        └cell0011  [C|C] [[6 0 2]]
  └┤
   │  ┌cell0013  [C|C] [[12 0 2]]
   │ ┌┤
   │ │└cell0092  [C|C] [[12 0 2]]
   │┌┤
   │││ ┌cell0075  [C|C] [[7 0 2]]
   │││┌┤
   ││││└cell0055  [C|C] [[9 0 2]]
   ││└┤
   ││ │┌cell0046  [C|C] [[10 0 2]]
   ││ └┤
   ││  │┌cell0040  [C|C] [[11 0 2]]
   ││  └┤
   ││   │┌cell0076  [C|C] [[3 0 2]]
   ││   └┤
   ││    └cell0080  [C|C] [[11 0 2]]
   └┤
    │  ┌cell0081  [C|C] [[9 0 2]]
    │ ┌┤
    │ ││┌cell0065  [C|C] [[10 0 2]]
    │ │└┤
    │ │ │┌cell0032  [C|C] [[17 0 2]]
    │ │ └┤
    │ │  │┌cell0060  [C|C] [[12 0 2]]
    │ │  └┤
    │ │   └cell0059  [C|C] [[14 0 2]]
    │┌┤
    │││ ┌cell0054  [C|C] [[9 0 2]]
    │││┌┤
    ││││└cell0057  [C|C] [[15 0 2]]
    ││└┤
    ││ │┌cell0030  [C|C] [[19 0 2]]
    ││ └┤
    ││  │ ┌cell0070  [C|C] [[6 0 2]]
    ││  │┌┤
    ││  │││┌cell0021  [C|C] [[7 0 2]]
    ││  ││└┤
    ││  ││ └cell0084  [C|C] [[12 0 2]]
    ││  └┤
    ││   │┌cell0015  [C|C] [[13 0 2]]
    ││   └┤
    ││    │┌cell0038  [C|C] [[8 0 2]]
    ││    └┤
    ││     └cell0034  [C|C] [[12 0 2]]
    └┤
     │  ┌cell0009  [C|C] [[11 0 2]]
     │ ┌┤
     │ │└cell0029  [C|C] [[16 0 2]]
     │┌┤
     │││┌cell0066  [C|C] [[12 0 2]]
     ││└┤
     ││ └cell0090  [C|C] [[6 0 2]]
     └┤
      │ ┌cell0096  [C|C] [[12 0 2]]
      │┌┤
      │││┌cell0025  [C|C] [[7 0 2]]
      ││└┤
      ││ └cell0067  [C|C] [[8 0 2]]
      └┤
       │ ┌cell0002  [C|C] [[9 0 2]]
       │┌┤
       │││┌cell0007  [C|C] [[19 0 2]]
       ││└┤
       ││ └cell0088  [C|C] [[14 0 2]]
       └┤
        │┌cell0024  [C|C] [[5 0 2]]
        └┤
         │┌cell0031  [C|C] [[13 0 2]]
         └┤
          │┌cell0095  [C|C] [[8 0 2]]
          └┤
           │┌cell0072  [C|C] [[11 0 2]]
           └┤
            │┌cell0071  [C|C] [[10 0 2]]
            └┤
             └cell0062  [C|C] [[10 0 2]]